<?xml version="1.0" encoding="UTF-8"?>
<testng-results ignored="0" total="1" passed="1" failed="0" skipped="0">
  <reporter-output>
  </reporter-output>
  <suite started-at="2024-03-28T11:14:09 EET" name="Default suite" finished-at="2024-03-28T11:14:45 EET" duration-ms="36094">
    <groups>
    </groups>
    <test started-at="2024-03-28T11:14:09 EET" name="Default test" finished-at="2024-03-28T11:14:45 EET" duration-ms="36094">
      <class name="homework2.TestNGHomework2">
        <test-method signature="f()[pri:0, instance:homework2.TestNGHomework2@479d31f3]" started-at="2024-03-28T11:14:09 EET" name="f" finished-at="2024-03-28T11:14:45 EET" duration-ms="36028" status="PASS">
          <reporter-output>
          </reporter-output>
        </test-method> <!-- f -->
      </class> <!-- homework2.TestNGHomework2 -->
    </test> <!-- Default test -->
  </suite> <!-- Default suite -->
</testng-results>
