<?xml version="1.0" encoding="UTF-8"?>
<!-- Generated by org.testng.reporters.JUnitXMLReporter -->
<testsuite ignored="0" hostname="DESKTOP-E1SNOS9" failures="0" tests="3" name="Default test" time="21.343" errors="0" timestamp="2024-03-26T11:24:31 EET">
  <testcase classname="Automation.ParameterByDataprovider" name="testMethod" time="3.187"/>
  <testcase classname="Automation.ParameterByDataprovider" name="testMethod" time="3.087"/>
  <testcase classname="Automation.ParameterByDataprovider" name="testMethod" time="3.129"/>
</testsuite> <!-- Default test -->
